This is pdfTeX, Version 3.14159265-2.6-1.40.17 (MiKTeX 2.9.6210 64-bit) (preloaded format=pdflatex 2017.3.8)  9 MAR 2017 13:32
entering extended mode
**./Project_1.tex
(Project_1.tex
LaTeX2e <2017/01/01> patch level 1
Babel <3.9r> and hyphenation patterns for 75 language(s) loaded.
("C:\Program Files\MiKTeX 2.9\tex\latex\base\article.cls"
Document Class: article 2014/09/29 v1.4h Standard LaTeX document class
("C:\Program Files\MiKTeX 2.9\tex\latex\base\size12.clo"
File: size12.clo 2014/09/29 v1.4h Standard LaTeX file (size option)
)
\c@part=\count79
\c@section=\count80
\c@subsection=\count81
\c@subsubsection=\count82
\c@paragraph=\count83
\c@subparagraph=\count84
\c@figure=\count85
\c@table=\count86
\abovecaptionskip=\skip41
\belowcaptionskip=\skip42
\bibindent=\dimen102
)
("C:\Program Files\MiKTeX 2.9\tex\latex\amsmath\amsmath.sty"
Package: amsmath 2016/11/05 v2.16a AMS math features
\@mathmargin=\skip43

For additional information on amsmath, use the `?' option.
("C:\Program Files\MiKTeX 2.9\tex\latex\amsmath\amstext.sty"
Package: amstext 2000/06/29 v2.01 AMS text

("C:\Program Files\MiKTeX 2.9\tex\latex\amsmath\amsgen.sty"
File: amsgen.sty 1999/11/30 v2.0 generic functions
\@emptytoks=\toks14
\ex@=\dimen103
))
("C:\Program Files\MiKTeX 2.9\tex\latex\amsmath\amsbsy.sty"
Package: amsbsy 1999/11/29 v1.2d Bold Symbols
\pmbraise@=\dimen104
)
("C:\Program Files\MiKTeX 2.9\tex\latex\amsmath\amsopn.sty"
Package: amsopn 2016/03/08 v2.02 operator names
)
\inf@bad=\count87
LaTeX Info: Redefining \frac on input line 213.
\uproot@=\count88
\leftroot@=\count89
LaTeX Info: Redefining \overline on input line 375.
\classnum@=\count90
\DOTSCASE@=\count91
LaTeX Info: Redefining \ldots on input line 472.
LaTeX Info: Redefining \dots on input line 475.
LaTeX Info: Redefining \cdots on input line 596.
\Mathstrutbox@=\box26
\strutbox@=\box27
\big@size=\dimen105
LaTeX Font Info:    Redeclaring font encoding OML on input line 712.
LaTeX Font Info:    Redeclaring font encoding OMS on input line 713.
\macc@depth=\count92
\c@MaxMatrixCols=\count93
\dotsspace@=\muskip10
\c@parentequation=\count94
\dspbrk@lvl=\count95
\tag@help=\toks15
\row@=\count96
\column@=\count97
\maxfields@=\count98
\andhelp@=\toks16
\eqnshift@=\dimen106
\alignsep@=\dimen107
\tagshift@=\dimen108
\tagwidth@=\dimen109
\totwidth@=\dimen110
\lineht@=\dimen111
\@envbody=\toks17
\multlinegap=\skip44
\multlinetaggap=\skip45
\mathdisplay@stack=\toks18
LaTeX Info: Redefining \[ on input line 2817.
LaTeX Info: Redefining \] on input line 2818.
)
("C:\Program Files\MiKTeX 2.9\tex\latex\graphics\graphicx.sty"
Package: graphicx 2014/10/28 v1.0g Enhanced LaTeX Graphics (DPC,SPQR)

("C:\Program Files\MiKTeX 2.9\tex\latex\graphics\keyval.sty"
Package: keyval 2014/10/28 v1.15 key=value parser (DPC)
\KV@toks@=\toks19
)
("C:\Program Files\MiKTeX 2.9\tex\latex\graphics\graphics.sty"
Package: graphics 2016/10/09 v1.0u Standard LaTeX Graphics (DPC,SPQR)

("C:\Program Files\MiKTeX 2.9\tex\latex\graphics\trig.sty"
Package: trig 2016/01/03 v1.10 sin cos tan (DPC)
)
("C:\Program Files\MiKTeX 2.9\tex\latex\graphics-cfg\graphics.cfg"
File: graphics.cfg 2016/06/04 v1.11 sample graphics configuration
)
Package graphics Info: Driver file: pdftex.def on input line 99.

("C:\Program Files\MiKTeX 2.9\tex\latex\graphics-def\pdftex.def"
File: pdftex.def 2017/01/12 v0.06k Graphics/color for pdfTeX

("C:\Program Files\MiKTeX 2.9\tex\generic\oberdiek\infwarerr.sty"
Package: infwarerr 2016/05/16 v1.4 Providing info/warning/error messages (HO)
)
("C:\Program Files\MiKTeX 2.9\tex\generic\oberdiek\ltxcmds.sty"
Package: ltxcmds 2016/05/16 v1.23 LaTeX kernel commands for general use (HO)
)
\Gread@gobject=\count99
))
\Gin@req@height=\dimen112
\Gin@req@width=\dimen113
)
("C:\Program Files\MiKTeX 2.9\tex\latex\float\float.sty"
Package: float 2001/11/08 v1.3d Float enhancements (AL)
\c@float@type=\count100
\float@exts=\toks20
\float@box=\box28
\@float@everytoks=\toks21
\@floatcapt=\box29
)
("C:\Program Files\MiKTeX 2.9\tex\latex\caption\caption.sty"
Package: caption 2016/02/21 v3.3-144 Customizing captions (AR)

("C:\Program Files\MiKTeX 2.9\tex\latex\caption\caption3.sty"
Package: caption3 2016/05/22 v1.7-166 caption3 kernel (AR)
Package caption3 Info: TeX engine: e-TeX on input line 67.
\captionmargin=\dimen114
\captionmargin@=\dimen115
\captionwidth=\dimen116
\caption@tempdima=\dimen117
\caption@indent=\dimen118
\caption@parindent=\dimen119
\caption@hangindent=\dimen120
)
\c@ContinuedFloat=\count101
Package caption Info: float package is loaded.
) (Project_1.aux)
\openout1 = `Project_1.aux'.

LaTeX Font Info:    Checking defaults for OML/cmm/m/it on input line 10.
LaTeX Font Info:    ... okay on input line 10.
LaTeX Font Info:    Checking defaults for T1/cmr/m/n on input line 10.
LaTeX Font Info:    ... okay on input line 10.
LaTeX Font Info:    Checking defaults for OT1/cmr/m/n on input line 10.
LaTeX Font Info:    ... okay on input line 10.
LaTeX Font Info:    Checking defaults for OMS/cmsy/m/n on input line 10.
LaTeX Font Info:    ... okay on input line 10.
LaTeX Font Info:    Checking defaults for OMX/cmex/m/n on input line 10.
LaTeX Font Info:    ... okay on input line 10.
LaTeX Font Info:    Checking defaults for U/cmr/m/n on input line 10.
LaTeX Font Info:    ... okay on input line 10.
("C:\Program Files\MiKTeX 2.9\tex\context\base\supp-pdf.mkii"
[Loading MPS to PDF converter (version 2006.09.02).]
\scratchcounter=\count102
\scratchdimen=\dimen121
\scratchbox=\box30
\nofMPsegments=\count103
\nofMParguments=\count104
\everyMPshowfont=\toks22
\MPscratchCnt=\count105
\MPscratchDim=\dimen122
\MPnumerator=\count106
\makeMPintoPDFobject=\count107
\everyMPtoPDFconversion=\toks23
) ("C:\Program Files\MiKTeX 2.9\tex\generic\oberdiek\pdftexcmds.sty"
Package: pdftexcmds 2016/05/21 v0.22 Utility functions of pdfTeX for LuaTeX (HO
)

("C:\Program Files\MiKTeX 2.9\tex\generic\oberdiek\ifluatex.sty"
Package: ifluatex 2016/05/16 v1.4 Provides the ifluatex switch (HO)
Package ifluatex Info: LuaTeX not detected.
)
("C:\Program Files\MiKTeX 2.9\tex\generic\oberdiek\ifpdf.sty"
Package: ifpdf 2016/05/14 v3.1 Provides the ifpdf switch
)
Package pdftexcmds Info: LuaTeX not detected.
Package pdftexcmds Info: \pdf@primitive is available.
Package pdftexcmds Info: \pdf@ifprimitive is available.
Package pdftexcmds Info: \pdfdraftmode found.
)
("C:\Program Files\MiKTeX 2.9\tex\latex\oberdiek\epstopdf-base.sty"
Package: epstopdf-base 2016/05/15 v2.6 Base part for package epstopdf

("C:\Program Files\MiKTeX 2.9\tex\latex\oberdiek\grfext.sty"
Package: grfext 2016/05/16 v1.2 Manage graphics extensions (HO)

("C:\Program Files\MiKTeX 2.9\tex\generic\oberdiek\kvdefinekeys.sty"
Package: kvdefinekeys 2016/05/16 v1.4 Define keys (HO)
))
("C:\Program Files\MiKTeX 2.9\tex\latex\oberdiek\kvoptions.sty"
Package: kvoptions 2016/05/16 v3.12 Key value format for package options (HO)

("C:\Program Files\MiKTeX 2.9\tex\generic\oberdiek\kvsetkeys.sty"
Package: kvsetkeys 2016/05/16 v1.17 Key value parser (HO)

("C:\Program Files\MiKTeX 2.9\tex\generic\oberdiek\etexcmds.sty"
Package: etexcmds 2016/05/16 v1.6 Avoid name clashes with e-TeX commands (HO)
Package etexcmds Info: Could not find \expanded.
(etexcmds)             That can mean that you are not using pdfTeX 1.50 or
(etexcmds)             that some package has redefined \expanded.
(etexcmds)             In the latter case, load this package earlier.
)))
Package epstopdf-base Info: Redefining graphics rule for `.eps' on input line 4
38.
Package grfext Info: Graphics extension search list:
(grfext)             [.png,.pdf,.jpg,.mps,.jpeg,.jbig2,.jb2,.PNG,.PDF,.JPG,.JPE
G,.JBIG2,.JB2,.eps]
(grfext)             \AppendGraphicsExtensions on input line 456.
)
Package caption Info: Begin \AtBeginDocument code.
Package caption Info: End \AtBeginDocument code.
 [1

{C:/ProgramData/MiKTeX/2.9/pdftex/config/pdftex.map}]
Underfull \hbox (badness 10000) in paragraph at lines 23--23

 []


Underfull \hbox (badness 10000) in paragraph at lines 25--26

 []

LaTeX Font Info:    Try loading font information for OMS+cmr on input line 27.
("C:\Program Files\MiKTeX 2.9\tex\latex\base\omscmr.fd"
File: omscmr.fd 2014/09/29 v2.5h Standard LaTeX font definitions
)
LaTeX Font Info:    Font shape `OMS/cmr/m/n' in size <12> not available
(Font)              Font shape `OMS/cmsy/m/n' tried instead on input line 27.
 [2]
Underfull \hbox (badness 10000) in paragraph at lines 57--58

 []


Underfull \hbox (badness 10000) in paragraph at lines 68--70

 []


Underfull \hbox (badness 10000) in paragraph at lines 70--72

 []


Underfull \hbox (badness 10000) in paragraph at lines 72--74

 []

[3]
Underfull \hbox (badness 10000) in paragraph at lines 81--82

 []


Underfull \hbox (badness 10000) in paragraph at lines 84--85

 []


<C:/Users/Mike/Documents/GitHub/sayboltm/PHY480/Project1/Report/Precision/Gauss
/1.png, id=20, 578.16pt x 433.62pt>
File: C:/Users/Mike/Documents/GitHub/sayboltm/PHY480/Project1/Report/Precision/
Gauss/1.png Graphic file (type png)

<use C:/Users/Mike/Documents/GitHub/sayboltm/PHY480/Project1/Report/Precision/G
auss/1.png>
Package pdftex.def Info: C:/Users/Mike/Documents/GitHub/sayboltm/PHY480/Project
1/Report/Precision/Gauss/1.png used on input line 88.
(pdftex.def)             Requested size: 127.19559pt x 95.39668pt.

<C:/Users/Mike/Documents/GitHub/sayboltm/PHY480/Project1/Report/Precision/Gauss
/2.png, id=22, 578.16pt x 433.62pt>
File: C:/Users/Mike/Documents/GitHub/sayboltm/PHY480/Project1/Report/Precision/
Gauss/2.png Graphic file (type png)

<use C:/Users/Mike/Documents/GitHub/sayboltm/PHY480/Project1/Report/Precision/G
auss/2.png>
Package pdftex.def Info: C:/Users/Mike/Documents/GitHub/sayboltm/PHY480/Project
1/Report/Precision/Gauss/2.png used on input line 89.
(pdftex.def)             Requested size: 127.19559pt x 95.39668pt.

<C:/Users/Mike/Documents/GitHub/sayboltm/PHY480/Project1/Report/Precision/Gauss
/3.png, id=23, 578.16pt x 433.62pt>
File: C:/Users/Mike/Documents/GitHub/sayboltm/PHY480/Project1/Report/Precision/
Gauss/3.png Graphic file (type png)

<use C:/Users/Mike/Documents/GitHub/sayboltm/PHY480/Project1/Report/Precision/G
auss/3.png>
Package pdftex.def Info: C:/Users/Mike/Documents/GitHub/sayboltm/PHY480/Project
1/Report/Precision/Gauss/3.png used on input line 90.
(pdftex.def)             Requested size: 127.19559pt x 95.39668pt.

<C:/Users/Mike/Documents/GitHub/sayboltm/PHY480/Project1/Report/Precision/Gauss
/4.png, id=24, 578.16pt x 433.62pt>
File: C:/Users/Mike/Documents/GitHub/sayboltm/PHY480/Project1/Report/Precision/
Gauss/4.png Graphic file (type png)

<use C:/Users/Mike/Documents/GitHub/sayboltm/PHY480/Project1/Report/Precision/G
auss/4.png>
Package pdftex.def Info: C:/Users/Mike/Documents/GitHub/sayboltm/PHY480/Project
1/Report/Precision/Gauss/4.png used on input line 91.
(pdftex.def)             Requested size: 127.19559pt x 95.39668pt.

<C:/Users/Mike/Documents/GitHub/sayboltm/PHY480/Project1/Report/Precision/Gauss
/5.png, id=25, 578.16pt x 433.62pt>
File: C:/Users/Mike/Documents/GitHub/sayboltm/PHY480/Project1/Report/Precision/
Gauss/5.png Graphic file (type png)

<use C:/Users/Mike/Documents/GitHub/sayboltm/PHY480/Project1/Report/Precision/G
auss/5.png>
Package pdftex.def Info: C:/Users/Mike/Documents/GitHub/sayboltm/PHY480/Project
1/Report/Precision/Gauss/5.png used on input line 93.
(pdftex.def)             Requested size: 127.19559pt x 95.39668pt.

<C:/Users/Mike/Documents/GitHub/sayboltm/PHY480/Project1/Report/Precision/Gauss
/1_error.png, id=26, 578.16pt x 433.62pt>
File: C:/Users/Mike/Documents/GitHub/sayboltm/PHY480/Project1/Report/Precision/
Gauss/1_error.png Graphic file (type png)

<use C:/Users/Mike/Documents/GitHub/sayboltm/PHY480/Project1/Report/Precision/G
auss/1_error.png>
Package pdftex.def Info: C:/Users/Mike/Documents/GitHub/sayboltm/PHY480/Project
1/Report/Precision/Gauss/1_error.png used on input line 103.
(pdftex.def)             Requested size: 127.19559pt x 95.39668pt.

<C:/Users/Mike/Documents/GitHub/sayboltm/PHY480/Project1/Report/Precision/Gauss
/2_error.png, id=27, 578.16pt x 433.62pt>
File: C:/Users/Mike/Documents/GitHub/sayboltm/PHY480/Project1/Report/Precision/
Gauss/2_error.png Graphic file (type png)

<use C:/Users/Mike/Documents/GitHub/sayboltm/PHY480/Project1/Report/Precision/G
auss/2_error.png>
Package pdftex.def Info: C:/Users/Mike/Documents/GitHub/sayboltm/PHY480/Project
1/Report/Precision/Gauss/2_error.png used on input line 104.
(pdftex.def)             Requested size: 127.19559pt x 95.39668pt.

<C:/Users/Mike/Documents/GitHub/sayboltm/PHY480/Project1/Report/Precision/Gauss
/3_error.png, id=28, 578.16pt x 433.62pt>
File: C:/Users/Mike/Documents/GitHub/sayboltm/PHY480/Project1/Report/Precision/
Gauss/3_error.png Graphic file (type png)

<use C:/Users/Mike/Documents/GitHub/sayboltm/PHY480/Project1/Report/Precision/G
auss/3_error.png>
Package pdftex.def Info: C:/Users/Mike/Documents/GitHub/sayboltm/PHY480/Project
1/Report/Precision/Gauss/3_error.png used on input line 105.
(pdftex.def)             Requested size: 127.19559pt x 95.39668pt.

<C:/Users/Mike/Documents/GitHub/sayboltm/PHY480/Project1/Report/Precision/Gauss
/4_error.png, id=29, 578.16pt x 433.62pt>
File: C:/Users/Mike/Documents/GitHub/sayboltm/PHY480/Project1/Report/Precision/
Gauss/4_error.png Graphic file (type png)

<use C:/Users/Mike/Documents/GitHub/sayboltm/PHY480/Project1/Report/Precision/G
auss/4_error.png>
Package pdftex.def Info: C:/Users/Mike/Documents/GitHub/sayboltm/PHY480/Project
1/Report/Precision/Gauss/4_error.png used on input line 106.
(pdftex.def)             Requested size: 127.19559pt x 95.39668pt.

<C:/Users/Mike/Documents/GitHub/sayboltm/PHY480/Project1/Report/Precision/Gauss
/5_error.png, id=30, 578.16pt x 433.62pt>
File: C:/Users/Mike/Documents/GitHub/sayboltm/PHY480/Project1/Report/Precision/
Gauss/5_error.png Graphic file (type png)

<use C:/Users/Mike/Documents/GitHub/sayboltm/PHY480/Project1/Report/Precision/G
auss/5_error.png>
Package pdftex.def Info: C:/Users/Mike/Documents/GitHub/sayboltm/PHY480/Project
1/Report/Precision/Gauss/5_error.png used on input line 108.
(pdftex.def)             Requested size: 127.19559pt x 95.39668pt.

Underfull \hbox (badness 10000) in paragraph at lines 99--111

 []

[4 <C:/Users/Mike/Documents/GitHub/sayboltm/PHY480/Project1/Report/Precision/Ga
uss/1.png> <C:/Users/Mike/Documents/GitHub/sayboltm/PHY480/Project1/Report/Prec
ision/Gauss/2.png> <C:/Users/Mike/Documents/GitHub/sayboltm/PHY480/Project1/Rep
ort/Precision/Gauss/3.png> <C:/Users/Mike/Documents/GitHub/sayboltm/PHY480/Proj
ect1/Report/Precision/Gauss/4.png> <C:/Users/Mike/Documents/GitHub/sayboltm/PHY
480/Project1/Report/Precision/Gauss/5.png>]
Underfull \hbox (badness 10000) in paragraph at lines 113--114

 []


<C:/Users/Mike/Documents/GitHub/sayboltm/PHY480/Project1/Report/Precision/Gauss
/BigError.png, id=41, 578.16pt x 433.62pt>
File: C:/Users/Mike/Documents/GitHub/sayboltm/PHY480/Project1/Report/Precision/
Gauss/BigError.png Graphic file (type png)

<use C:/Users/Mike/Documents/GitHub/sayboltm/PHY480/Project1/Report/Precision/G
auss/BigError.png>
Package pdftex.def Info: C:/Users/Mike/Documents/GitHub/sayboltm/PHY480/Project
1/Report/Precision/Gauss/BigError.png used on input line 118.
(pdftex.def)             Requested size: 127.19559pt x 95.39668pt.
 [5 <C:/Users/Mike/Documents/GitHub/sayboltm/PHY480/Project1/Report/Precision/G
auss/1_error.png> <C:/Users/Mike/Documents/GitHub/sayboltm/PHY480/Project1/Repo
rt/Precision/Gauss/2_error.png> <C:/Users/Mike/Documents/GitHub/sayboltm/PHY480
/Project1/Report/Precision/Gauss/3_error.png> <C:/Users/Mike/Documents/GitHub/s
ayboltm/PHY480/Project1/Report/Precision/Gauss/4_error.png> <C:/Users/Mike/Docu
ments/GitHub/sayboltm/PHY480/Project1/Report/Precision/Gauss/5_error.png>] [6 <
C:/Users/Mike/Documents/GitHub/sayboltm/PHY480/Project1/Report/Precision/Gauss/
BigError.png>]
Underfull \hbox (badness 10000) in paragraph at lines 122--123

 []


<C:/Users/Mike/Documents/GitHub/sayboltm/PHY480/Project1/Report/Precision/Gauss
/BigError_log.png, id=54, 578.16pt x 433.62pt>
File: C:/Users/Mike/Documents/GitHub/sayboltm/PHY480/Project1/Report/Precision/
Gauss/BigError_log.png Graphic file (type png)

<use C:/Users/Mike/Documents/GitHub/sayboltm/PHY480/Project1/Report/Precision/G
auss/BigError_log.png>
Package pdftex.def Info: C:/Users/Mike/Documents/GitHub/sayboltm/PHY480/Project
1/Report/Precision/Gauss/BigError_log.png used on input line 127.
(pdftex.def)             Requested size: 127.19559pt x 95.39668pt.

Underfull \hbox (badness 10000) in paragraph at lines 132--133

 []

File: C:/Users/Mike/Documents/GitHub/sayboltm/PHY480/Project1/Report/Precision/
Gauss/1.png Graphic file (type png)

<use C:/Users/Mike/Documents/GitHub/sayboltm/PHY480/Project1/Report/Precision/G
auss/1.png>
Package pdftex.def Info: C:/Users/Mike/Documents/GitHub/sayboltm/PHY480/Project
1/Report/Precision/Gauss/1.png used on input line 137.
(pdftex.def)             Requested size: 127.19559pt x 95.39668pt.
File: C:/Users/Mike/Documents/GitHub/sayboltm/PHY480/Project1/Report/Precision/
Gauss/2.png Graphic file (type png)

<use C:/Users/Mike/Documents/GitHub/sayboltm/PHY480/Project1/Report/Precision/G
auss/2.png>
Package pdftex.def Info: C:/Users/Mike/Documents/GitHub/sayboltm/PHY480/Project
1/Report/Precision/Gauss/2.png used on input line 138.
(pdftex.def)             Requested size: 127.19559pt x 95.39668pt.
File: C:/Users/Mike/Documents/GitHub/sayboltm/PHY480/Project1/Report/Precision/
Gauss/3.png Graphic file (type png)

<use C:/Users/Mike/Documents/GitHub/sayboltm/PHY480/Project1/Report/Precision/G
auss/3.png>
Package pdftex.def Info: C:/Users/Mike/Documents/GitHub/sayboltm/PHY480/Project
1/Report/Precision/Gauss/3.png used on input line 139.
(pdftex.def)             Requested size: 127.19559pt x 95.39668pt.
File: C:/Users/Mike/Documents/GitHub/sayboltm/PHY480/Project1/Report/Precision/
Gauss/4.png Graphic file (type png)

<use C:/Users/Mike/Documents/GitHub/sayboltm/PHY480/Project1/Report/Precision/G
auss/4.png>
Package pdftex.def Info: C:/Users/Mike/Documents/GitHub/sayboltm/PHY480/Project
1/Report/Precision/Gauss/4.png used on input line 140.
(pdftex.def)             Requested size: 127.19559pt x 95.39668pt.

<C:/Users/Mike/Documents/GitHub/sayboltm/PHY480/Project1/Report/Precision/LU/1_
error.png, id=55, 578.16pt x 433.62pt>
File: C:/Users/Mike/Documents/GitHub/sayboltm/PHY480/Project1/Report/Precision/
LU/1_error.png Graphic file (type png)

<use C:/Users/Mike/Documents/GitHub/sayboltm/PHY480/Project1/Report/Precision/L
U/1_error.png>
Package pdftex.def Info: C:/Users/Mike/Documents/GitHub/sayboltm/PHY480/Project
1/Report/Precision/LU/1_error.png used on input line 148.
(pdftex.def)             Requested size: 127.19559pt x 95.39668pt.

<C:/Users/Mike/Documents/GitHub/sayboltm/PHY480/Project1/Report/Precision/LU/2_
error.png, id=56, 578.16pt x 433.62pt>
File: C:/Users/Mike/Documents/GitHub/sayboltm/PHY480/Project1/Report/Precision/
LU/2_error.png Graphic file (type png)

<use C:/Users/Mike/Documents/GitHub/sayboltm/PHY480/Project1/Report/Precision/L
U/2_error.png>
Package pdftex.def Info: C:/Users/Mike/Documents/GitHub/sayboltm/PHY480/Project
1/Report/Precision/LU/2_error.png used on input line 149.
(pdftex.def)             Requested size: 127.19559pt x 95.39668pt.

<C:/Users/Mike/Documents/GitHub/sayboltm/PHY480/Project1/Report/Precision/LU/3_
error.png, id=57, 578.16pt x 433.62pt>
File: C:/Users/Mike/Documents/GitHub/sayboltm/PHY480/Project1/Report/Precision/
LU/3_error.png Graphic file (type png)

<use C:/Users/Mike/Documents/GitHub/sayboltm/PHY480/Project1/Report/Precision/L
U/3_error.png>
Package pdftex.def Info: C:/Users/Mike/Documents/GitHub/sayboltm/PHY480/Project
1/Report/Precision/LU/3_error.png used on input line 150.
(pdftex.def)             Requested size: 127.19559pt x 95.39668pt.

<C:/Users/Mike/Documents/GitHub/sayboltm/PHY480/Project1/Report/Precision/LU/4_
error.png, id=58, 578.16pt x 433.62pt>
File: C:/Users/Mike/Documents/GitHub/sayboltm/PHY480/Project1/Report/Precision/
LU/4_error.png Graphic file (type png)

<use C:/Users/Mike/Documents/GitHub/sayboltm/PHY480/Project1/Report/Precision/L
U/4_error.png>
Package pdftex.def Info: C:/Users/Mike/Documents/GitHub/sayboltm/PHY480/Project
1/Report/Precision/LU/4_error.png used on input line 151.
(pdftex.def)             Requested size: 127.19559pt x 95.39668pt.
 [7 <C:/Users/Mike/Documents/GitHub/sayboltm/PHY480/Project1/Report/Precision/G
auss/BigError_log.png>]
<C:/Users/Mike/Documents/GitHub/sayboltm/PHY480/Project1/Report/Precision/LU/Bi
gError.png, id=64, 578.16pt x 433.62pt>
File: C:/Users/Mike/Documents/GitHub/sayboltm/PHY480/Project1/Report/Precision/
LU/BigError.png Graphic file (type png)

<use C:/Users/Mike/Documents/GitHub/sayboltm/PHY480/Project1/Report/Precision/L
U/BigError.png>
Package pdftex.def Info: C:/Users/Mike/Documents/GitHub/sayboltm/PHY480/Project
1/Report/Precision/LU/BigError.png used on input line 159.
(pdftex.def)             Requested size: 127.19559pt x 95.39668pt.

<C:/Users/Mike/Documents/GitHub/sayboltm/PHY480/Project1/Report/Precision/LU/Bi
gError_log.png, id=65, 578.16pt x 433.62pt>
File: C:/Users/Mike/Documents/GitHub/sayboltm/PHY480/Project1/Report/Precision/
LU/BigError_log.png Graphic file (type png)

<use C:/Users/Mike/Documents/GitHub/sayboltm/PHY480/Project1/Report/Precision/L
U/BigError_log.png>
Package pdftex.def Info: C:/Users/Mike/Documents/GitHub/sayboltm/PHY480/Project
1/Report/Precision/LU/BigError_log.png used on input line 166.
(pdftex.def)             Requested size: 127.19559pt x 95.39668pt.
 [8 <C:/Users/Mike/Documents/GitHub/sayboltm/PHY480/Project1/Report/Precision/L
U/1_error.png> <C:/Users/Mike/Documents/GitHub/sayboltm/PHY480/Project1/Report/
Precision/LU/2_error.png> <C:/Users/Mike/Documents/GitHub/sayboltm/PHY480/Proje
ct1/Report/Precision/LU/3_error.png> <C:/Users/Mike/Documents/GitHub/sayboltm/P
HY480/Project1/Report/Precision/LU/4_error.png> <C:/Users/Mike/Documents/GitHub
/sayboltm/PHY480/Project1/Report/Precision/LU/BigError.png> <C:/Users/Mike/Docu
ments/GitHub/sayboltm/PHY480/Project1/Report/Precision/LU/BigError_log.png>]
Underfull \hbox (badness 10000) in paragraph at lines 174--187

 []

[9] [10] (Project_1.aux) ) 
Here is how much of TeX's memory you used:
 3338 strings out of 493333
 55470 string characters out of 3139198
 119083 words of memory out of 3000000
 6830 multiletter control sequences out of 15000+200000
 11772 words of font info for 42 fonts, out of 3000000 for 9000
 1141 hyphenation exceptions out of 8191
 39i,10n,39p,630b,367s stack positions out of 5000i,500n,10000p,200000b,50000s
<C:/Program Files/MiKTeX 2.9/fonts/type1/public/amsfo
nts/cm/cmbx10.pfb><C:/Program Files/MiKTeX 2.9/fonts/type1/public/amsfonts/cm/c
mbx12.pfb><C:/Program Files/MiKTeX 2.9/fonts/type1/public/amsfonts/cm/cmex10.pf
b><C:/Program Files/MiKTeX 2.9/fonts/type1/public/amsfonts/cm/cmmi12.pfb><C:/Pr
ogram Files/MiKTeX 2.9/fonts/type1/public/amsfonts/cm/cmr10.pfb><C:/Program Fil
es/MiKTeX 2.9/fonts/type1/public/amsfonts/cm/cmr12.pfb><C:/Program Files/MiKTeX
 2.9/fonts/type1/public/amsfonts/cm/cmr17.pfb><C:/Program Files/MiKTeX 2.9/font
s/type1/public/amsfonts/cm/cmr8.pfb><C:/Program Files/MiKTeX 2.9/fonts/type1/pu
blic/amsfonts/cm/cmsy10.pfb><C:/Program Files/MiKTeX 2.9/fonts/type1/public/ams
fonts/cm/cmti10.pfb><C:/Program Files/MiKTeX 2.9/fonts/type1/public/amsfonts/cm
/cmti8.pfb>
Output written on Project_1.pdf (10 pages, 706782 bytes).
PDF statistics:
 116 PDF objects out of 1000 (max. 8388607)
 0 named destinations out of 1000 (max. 500000)
 91 words of extra memory for PDF output out of 10000 (max. 10000000)

